[2020-08-23 18:09:06.542] [INFO] pomelo - [32m[C:\Pomelo\hello\game-server\node_modules\pomelo\lib\application.js] [39mapplication inited: "connector-server-1"
[2020-08-23 18:09:06.803] [INFO] pomelo - [32m[C:\Pomelo\hello\game-server\node_modules\pomelo\lib\application.js] [39m"connector-server-1" enter after start...
[2020-08-23 18:09:06.907] [INFO] pomelo - [32m[C:\Pomelo\hello\game-server\node_modules\pomelo\lib\application.js] [39m"connector-server-1" finish start
[2020-08-23 18:09:06.908] [INFO] pomelo - [32m[C:\Pomelo\hello\game-server\node_modules\pomelo\lib\application.js] [39m"connector-server-1" startup in 358 ms
[2020-08-23 18:10:35.804] [DEBUG] pomelo - [36m[C:\Pomelo\hello\game-server\node_modules\pomelo\lib\components\connector.js] [39m[connector-server-1] getSession session is created with session id: 1
[2020-08-23 18:10:35.822] [DEBUG] pomelo - [36m[C:\Pomelo\hello\game-server\node_modules\pomelo\lib\components\connector.js] [39m[connector-server-1] handleMessage session id: 1, msg: {"id":2,"route":"connector.entryHandler.entry","body":"hello pomelo"}
[2020-08-23 18:10:35.826] [DEBUG] pomelo - [36m[C:\Pomelo\hello\game-server\node_modules\pomelo\lib\components\connector.js] [39m[connector-server-1] send message reqId: 2, route: connector.entryHandler.entry, msg: {"code":200,"msg":"game server is ok."}, receivers: [1], opts: {"type":"response","userOptions":{},"isResponse":true}
[2020-08-23 18:11:39.043] [DEBUG] pomelo - [36m[C:\Pomelo\hello\game-server\node_modules\pomelo\lib\common\service\sessionService.js] [39msession on [connector-server-1] is closed with session id: 1
[2020-08-23 18:11:42.338] [DEBUG] pomelo - [36m[C:\Pomelo\hello\game-server\node_modules\pomelo\lib\components\connector.js] [39m[connector-server-1] getSession session is created with session id: 2
[2020-08-23 18:11:42.349] [DEBUG] pomelo - [36m[C:\Pomelo\hello\game-server\node_modules\pomelo\lib\components\connector.js] [39m[connector-server-1] handleMessage session id: 2, msg: {"id":2,"route":"connector.entryHandler.entry","body":"hello pomelo"}
[2020-08-23 18:11:42.349] [DEBUG] pomelo - [36m[C:\Pomelo\hello\game-server\node_modules\pomelo\lib\components\connector.js] [39m[connector-server-1] send message reqId: 2, route: connector.entryHandler.entry, msg: {"code":200,"msg":"game server is ok."}, receivers: [2], opts: {"type":"response","userOptions":{},"isResponse":true}
[2020-08-23 23:12:36.297] [INFO] pomelo - [32m[C:\Pomelo\Reactor\game-server\node_modules\pomelo\lib\application.js] [39mapplication inited: "connector-server-1"
[2020-08-23 23:12:36.717] [INFO] pomelo - [32m[C:\Pomelo\Reactor\game-server\node_modules\pomelo\lib\application.js] [39m"connector-server-1" enter after start...
[2020-08-23 23:12:36.914] [INFO] pomelo - [32m[C:\Pomelo\Reactor\game-server\node_modules\pomelo\lib\application.js] [39m"connector-server-1" finish start
[2020-08-23 23:12:36.914] [INFO] pomelo - [32m[C:\Pomelo\Reactor\game-server\node_modules\pomelo\lib\application.js] [39m"connector-server-1" startup in 606 ms
[2020-08-23 23:12:37.135] [DEBUG] pomelo - [36m[C:\Pomelo\Reactor\game-server\node_modules\pomelo\lib\components\connector.js] [39m[connector-server-1] getSession session is created with session id: 1
[2020-08-23 23:12:37.162] [DEBUG] pomelo - [36m[C:\Pomelo\Reactor\game-server\node_modules\pomelo\lib\components\connector.js] [39m[connector-server-1] handleMessage session id: 1, msg: {"id":2,"route":"connector.entryHandler.entry","body":"hello pomelo"}
[2020-08-23 23:12:37.169] [DEBUG] pomelo - [36m[C:\Pomelo\Reactor\game-server\node_modules\pomelo\lib\components\connector.js] [39m[connector-server-1] send message reqId: 2, route: connector.entryHandler.entry, msg: {"code":200,"msg":"game server is ok."}, receivers: [1], opts: {"type":"response","userOptions":{},"isResponse":true}
[2020-08-23 23:12:41.045] [DEBUG] pomelo - [36m[C:\Pomelo\Reactor\game-server\node_modules\pomelo\lib\common\service\sessionService.js] [39msession on [connector-server-1] is closed with session id: 1
[2020-08-23 23:12:49.477] [DEBUG] pomelo - [36m[C:\Pomelo\Reactor\game-server\node_modules\pomelo\lib\components\connector.js] [39m[connector-server-1] getSession session is created with session id: 2
[2020-08-23 23:12:49.496] [DEBUG] pomelo - [36m[C:\Pomelo\Reactor\game-server\node_modules\pomelo\lib\components\connector.js] [39m[connector-server-1] handleMessage session id: 2, msg: {"id":2,"route":"connector.entryHandler.entry","body":"hello pomelo"}
[2020-08-23 23:12:49.496] [DEBUG] pomelo - [36m[C:\Pomelo\Reactor\game-server\node_modules\pomelo\lib\components\connector.js] [39m[connector-server-1] send message reqId: 2, route: connector.entryHandler.entry, msg: {"code":200,"msg":"game server is ok."}, receivers: [2], opts: {"type":"response","userOptions":{},"isResponse":true}
